c:\users\administrator\desktop\钱瑞彬_21451068_141218\wp作业\crazydodge\proj.win32\debug.win32\vc120.pdb
c:\users\administrator\desktop\crazydodge\proj.win32\debug.win32\aboutscene.obj
c:\users\administrator\desktop\crazydodge\proj.win32\debug.win32\gameoverscene.obj
c:\users\administrator\desktop\crazydodge\proj.win32\debug.win32\helloscene.obj
c:\users\administrator\desktop\crazydodge\proj.win32\debug.win32\optionsscene.obj
c:\users\administrator\desktop\crazydodge\proj.win32\debug.win32\appdelegate.obj
c:\users\administrator\desktop\crazydodge\proj.win32\debug.win32\gamescene.obj
c:\users\administrator\desktop\crazydodge\proj.win32\debug.win32\menuscene.obj
c:\users\administrator\desktop\crazydodge\proj.win32\debug.win32\main.obj
c:\users\administrator\desktop\crazydodge\proj.win32\debug.win32\vc120.pdb
c:\users\administrator\desktop\crazydodge\proj.win32\debug.win32\crazydodge.ilk
c:\users\administrator\desktop\crazydodge\proj.win32\debug.win32\crazydodge.exe
c:\users\administrator\desktop\crazydodge\proj.win32\debug.win32\crazydodge.pdb
c:\users\administrator\desktop\钱瑞彬_21451068_141218\wp作业\crazydodge\proj.win32\debug.win32\game.res
c:\users\administrator\desktop\crazydodge\proj.win32\debug.win32\game.res
c:\users\administrator\desktop\crazydodge\proj.win32\debug.win32\crazydodge.vcxprojresolveassemblyreference.cache
c:\users\administrator\desktop\crazydodge\proj.win32\debug.win32\vc120.idb
c:\users\administrator\desktop\crazydodge\proj.win32\debug.win32\userdefault.xml
c:\users\administrator\desktop\crazydodge\proj.win32\debug.win32\crazydodge.tlog\cl.command.1.tlog
c:\users\administrator\desktop\crazydodge\proj.win32\debug.win32\crazydodge.tlog\cl.read.1.tlog
c:\users\administrator\desktop\crazydodge\proj.win32\debug.win32\crazydodge.tlog\cl.write.1.tlog
c:\users\administrator\desktop\crazydodge\proj.win32\debug.win32\crazydodge.tlog\link.command.1.tlog
c:\users\administrator\desktop\crazydodge\proj.win32\debug.win32\crazydodge.tlog\link.read.1.tlog
c:\users\administrator\desktop\crazydodge\proj.win32\debug.win32\crazydodge.tlog\link.write.1.tlog
c:\users\administrator\desktop\crazydodge\proj.win32\debug.win32\crazydodge.tlog\rc.command.1.tlog
c:\users\administrator\desktop\crazydodge\proj.win32\debug.win32\crazydodge.tlog\rc.read.1.tlog
c:\users\administrator\desktop\crazydodge\proj.win32\debug.win32\crazydodge.tlog\rc.write.1.tlog
