c:\users\administrator\desktop\crazydodge\cocos2d\extensions\proj.win32\debug.win32\assetsmanager.obj
c:\users\administrator\desktop\crazydodge\cocos2d\extensions\proj.win32\debug.win32\cccontrolcolourpicker.obj
c:\users\administrator\desktop\crazydodge\cocos2d\extensions\proj.win32\debug.win32\cccontrolpotentiometer.obj
c:\users\administrator\desktop\crazydodge\cocos2d\extensions\proj.win32\debug.win32\cccontrolslider.obj
c:\users\administrator\desktop\crazydodge\cocos2d\extensions\proj.win32\debug.win32\cccontrolswitch.obj
c:\users\administrator\desktop\crazydodge\cocos2d\extensions\proj.win32\debug.win32\ccinvocation.obj
c:\users\administrator\desktop\crazydodge\cocos2d\extensions\proj.win32\debug.win32\cceditbox.obj
c:\users\administrator\desktop\crazydodge\cocos2d\extensions\proj.win32\debug.win32\ccscrollview.obj
c:\users\administrator\desktop\crazydodge\cocos2d\extensions\proj.win32\debug.win32\cctableview.obj
c:\users\administrator\desktop\crazydodge\cocos2d\extensions\proj.win32\debug.win32\ccphysicssprite.obj
c:\users\administrator\desktop\crazydodge\cocos2d\extensions\proj.win32\debug.win32\cccontrol.obj
c:\users\administrator\desktop\crazydodge\cocos2d\extensions\proj.win32\debug.win32\cccontrolbutton.obj
c:\users\administrator\desktop\crazydodge\cocos2d\extensions\proj.win32\debug.win32\cccontrolhuepicker.obj
c:\users\administrator\desktop\crazydodge\cocos2d\extensions\proj.win32\debug.win32\cccontrolsaturationbrightnesspicker.obj
c:\users\administrator\desktop\crazydodge\cocos2d\extensions\proj.win32\debug.win32\cccontrolstepper.obj
c:\users\administrator\desktop\crazydodge\cocos2d\extensions\proj.win32\debug.win32\cccontrolutils.obj
c:\users\administrator\desktop\crazydodge\cocos2d\extensions\proj.win32\debug.win32\ccscale9sprite.obj
c:\users\administrator\desktop\crazydodge\cocos2d\extensions\proj.win32\debug.win32\cceditboximplwin.obj
c:\users\administrator\desktop\crazydodge\cocos2d\extensions\proj.win32\debug.win32\cctableviewcell.obj
c:\users\administrator\desktop\crazydodge\cocos2d\extensions\proj.win32\debug.win32\ccphysicsdebugnode.obj
c:\users\administrator\desktop\crazydodge\cocos2d\extensions\proj.win32\debug.win32\win32inputbox.obj
c:\users\administrator\desktop\钱瑞彬_21451068_141218\wp作业\crazydodge\proj.win32\debug.win32\libextensions.lib
c:\users\administrator\desktop\crazydodge\proj.win32\debug.win32\libextensions.lib
c:\users\administrator\desktop\crazydodge\cocos2d\extensions\proj.win32\debug.win32\libextensions.tlog\cl.command.1.tlog
c:\users\administrator\desktop\crazydodge\cocos2d\extensions\proj.win32\debug.win32\libextensions.tlog\cl.read.1.tlog
c:\users\administrator\desktop\crazydodge\cocos2d\extensions\proj.win32\debug.win32\libextensions.tlog\cl.write.1.tlog
c:\users\administrator\desktop\crazydodge\cocos2d\extensions\proj.win32\debug.win32\libextensions.tlog\lib-link.read.1.tlog
c:\users\administrator\desktop\crazydodge\cocos2d\extensions\proj.win32\debug.win32\libextensions.tlog\lib-link.write.1.tlog
c:\users\administrator\desktop\crazydodge\cocos2d\extensions\proj.win32\debug.win32\libextensions.tlog\lib.command.1.tlog
